TN:
SF:src/components/Categories/Categories.tsx
FN:12,Categories
FNF:1
FNH:1
FNDA:6,Categories
DA:1,1
DA:2,1
DA:3,1
DA:4,1
DA:5,1
DA:6,1
DA:7,1
DA:8,1
DA:9,1
DA:10,1
DA:11,1
DA:12,1
DA:13,6
DA:14,6
DA:15,6
DA:16,6
DA:17,6
DA:18,6
DA:19,6
DA:20,96
DA:21,96
DA:22,96
DA:23,96
DA:24,96
DA:25,6
DA:26,6
DA:27,6
DA:28,1
DA:29,1
DA:30,1
LF:30
LH:30
BRDA:12,0,0,6
BRDA:19,1,0,96
BRF:2
BRH:2
end_of_record
TN:
SF:src/components/Categories/CategoryItem.tsx
FN:11,CategoryItem
FNF:1
FNH:1
FNDA:96,CategoryItem
DA:1,1
DA:2,1
DA:3,1
DA:4,1
DA:5,1
DA:6,1
DA:7,1
DA:8,1
DA:9,1
DA:10,1
DA:11,1
DA:12,96
DA:13,96
DA:14,96
DA:15,96
DA:16,96
DA:17,96
DA:18,96
DA:19,96
DA:20,96
DA:21,1
DA:22,1
DA:23,1
LF:23
LH:23
BRDA:11,0,0,96
BRDA:14,1,0,6
BRDA:14,2,0,90
BRF:3
BRH:3
end_of_record
TN:
SF:src/domain/common/router.domain.ts
FN:3,getActiveStyle
FN:12,getCategoryRoute
FN:15,normalizeTarget
FN:21,isString
FN:22,isMissingPath
FN:24,isExactMatch
FN:25,isRouteMatch
FNF:7
FNH:1
FNDA:0,getActiveStyle
FNDA:99,getCategoryRoute
FNDA:0,normalizeTarget
FNDA:0,isString
FNDA:0,isMissingPath
FNDA:0,isExactMatch
FNDA:0,isRouteMatch
DA:1,1
DA:2,1
DA:3,1
DA:4,0
DA:5,0
DA:6,0
DA:7,0
DA:8,0
DA:9,0
DA:10,0
DA:11,1
DA:12,1
DA:13,1
DA:14,1
DA:15,0
DA:16,0
DA:17,0
DA:18,0
DA:19,0
DA:20,1
DA:21,1
DA:22,1
DA:23,1
DA:24,1
DA:25,1
DA:26,1
LF:26
LH:14
BRDA:12,0,0,99
BRF:1
BRH:1
end_of_record
